<?xml version="1.0" encoding="UTF-8"?>
<!-- Generated by org.testng.reporters.JUnitXMLReporter -->
<testsuite hostname="EPBYMINW2455" name="p1 test" tests="3" failures="0" timestamp="19 May 2016 07:27:58 GMT" time="24.876" errors="0">
  <testcase name="loadPage" time="3.42" classname="com.testngtutorial.MyTestNGTutorial.LoginTest"/>
  <testcase name="filloutEmailFld" time="2.797" classname="com.testngtutorial.MyTestNGTutorial.LoginTest"/>
  <testcase name="filloutPassFld" time="0.082" classname="com.testngtutorial.MyTestNGTutorial.LoginTest"/>
</testsuite> <!-- p1 test -->
