<?xml version="1.0" encoding="UTF-8"?>
<!-- Generated by org.testng.reporters.JUnitXMLReporter -->
<testsuite hostname="EPBYMINW2455" name="p2 test" tests="3" failures="0" timestamp="19 May 2016 07:28:12 GMT" time="14.164" errors="0">
  <testcase name="loadPage" time="1.475" classname="com.testngtutorial.MyTestNGTutorial.LoginTest"/>
  <testcase name="filloutEmailFld" time="0.21" classname="com.testngtutorial.MyTestNGTutorial.LoginTest"/>
  <testcase name="filloutPassFld" time="1.246" classname="com.testngtutorial.MyTestNGTutorial.LoginTest"/>
</testsuite> <!-- p2 test -->
