<?xml version="1.0" encoding="UTF-8"?>
<!-- Generated by org.testng.reporters.JUnitXMLReporter -->
<testsuite hostname="epbyminw4546.minsk.epam.com" name="Default test" tests="5" failures="0" timestamp="12 Jul 2016 10:06:19 GMT" time="22.651" errors="0">
  <testcase name="loadPage" time="1.642" classname="com.testngtutorial.MyTestNGTutorial.tests.LoginTest"/>
  <testcase name="testLoginMainPage" time="7.239" classname="com.testngtutorial.MyTestNGTutorial.tests.LoginTest"/>
  <testcase name="testLoginMainPage" time="3.048" classname="com.testngtutorial.MyTestNGTutorial.tests.LoginTest"/>
  <testcase name="filloutEmailFld" time="1.045" classname="com.testngtutorial.MyTestNGTutorial.tests.LoginTest"/>
  <testcase name="filloutPassFld" time="0.132" classname="com.testngtutorial.MyTestNGTutorial.tests.LoginTest"/>
</testsuite> <!-- Default test -->
