<?xml version="1.0" encoding="UTF-8"?>
<!-- Generated by org.testng.reporters.JUnitXMLReporter -->
<testsuite hostname="EPBYMINW4546" name="Test" tests="8" failures="1" timestamp="5 Jul 2016 11:35:05 GMT" time="15.829" errors="0">
  <testcase name="Test1Succcess" time="0.006" classname="com.testngtutorial.MyTestNGTutorial.tests.ListenerTest"/>
  <testcase name="Test2Fail" time="0.001" classname="com.testngtutorial.MyTestNGTutorial.tests.ListenerTest">
    <failure type="java.lang.AssertionError" message="I&amp;apos;m asserting false expected [true] but found [false]">
      <![CDATA[java.lang.AssertionError: I'm asserting false expected [true] but found [false]
	at com.testngtutorial.MyTestNGTutorial.tests.ListenerTest.Test2Fail(ListenerTest.java:19)
	at com.testngtutorial.MyTestNGTutorial.runner.Runner.main(Runner.java:62)
... Removed 25 stack frames]]>
    </failure>
  </testcase> <!-- Test2Fail -->
  <testcase name="Test2Skip" time="0.0" classname="com.testngtutorial.MyTestNGTutorial.tests.ListenerTest">
    <skipped/>
  </testcase> <!-- Test2Skip -->
  <testcase name="loadPage" time="1.769" classname="com.testngtutorial.MyTestNGTutorial.tests.LoginTest"/>
  <testcase name="testLoginMainPage" time="5.06" classname="com.testngtutorial.MyTestNGTutorial.tests.LoginTest"/>
  <testcase name="testLoginMainPage" time="3.716" classname="com.testngtutorial.MyTestNGTutorial.tests.LoginTest"/>
  <testcase name="filloutEmailFld" time="0.5" classname="com.testngtutorial.MyTestNGTutorial.tests.LoginTest"/>
  <testcase name="filloutPassFld" time="0.097" classname="com.testngtutorial.MyTestNGTutorial.tests.LoginTest"/>
</testsuite> <!-- Test -->
