<?xml version="1.0" encoding="UTF-8"?>
<testng-results skipped="0" failed="0" total="1" passed="1">
  <reporter-output>
  </reporter-output>
  <suite name="Default suite" duration-ms="27456" started-at="2016-07-22T15:41:23Z" finished-at="2016-07-22T15:41:50Z">
    <groups>
      <group name="p1">
        <method signature="YandexMailTest.getBodyBox(java.lang.String, java.lang.String, java.lang.String)[pri:0, instance:com.testngtutorial.MyTestNGTutorial.tests.YandexMailTest@ae45eb6]" name="getBodyBox" class="com.testngtutorial.MyTestNGTutorial.tests.YandexMailTest"/>
      </group> <!-- p1 -->
    </groups>
    <test name="Default test" duration-ms="27456" started-at="2016-07-22T15:41:23Z" finished-at="2016-07-22T15:41:50Z">
      <class name="com.testngtutorial.MyTestNGTutorial.tests.YandexMailTest">
        <test-method status="PASS" signature="setup()[pri:0, instance:com.testngtutorial.MyTestNGTutorial.tests.YandexMailTest@ae45eb6]" name="setup" is-config="true" duration-ms="10146" started-at="2016-07-22T18:41:23Z" finished-at="2016-07-22T18:41:33Z">
          <reporter-output>
          </reporter-output>
        </test-method> <!-- setup -->
        <test-method status="PASS" signature="getBodyBox(java.lang.String, java.lang.String, java.lang.String)[pri:0, instance:com.testngtutorial.MyTestNGTutorial.tests.YandexMailTest@ae45eb6]" name="getBodyBox" duration-ms="17280" started-at="2016-07-22T18:41:33Z" data-provider="login" finished-at="2016-07-22T18:41:50Z">
          <params>
            <param index="0">
              <value>
                <![CDATA[a.d.black@yandex.by]]>
              </value>
            </param>
            <param index="1">
              <value>
                <![CDATA[d00msday]]>
              </value>
            </param>
            <param index="2">
              <value is-null="true"/>
            </param>
          </params>
          <reporter-output>
          </reporter-output>
        </test-method> <!-- getBodyBox -->
        <test-method status="PASS" signature="teardown()[pri:0, instance:com.testngtutorial.MyTestNGTutorial.tests.YandexMailTest@ae45eb6]" name="teardown" is-config="true" duration-ms="11" started-at="2016-07-22T18:41:50Z" finished-at="2016-07-22T18:41:50Z">
          <reporter-output>
          </reporter-output>
        </test-method> <!-- teardown -->
      </class> <!-- com.testngtutorial.MyTestNGTutorial.tests.YandexMailTest -->
    </test> <!-- Default test -->
  </suite> <!-- Default suite -->
</testng-results>
